Unit 07
19795
35995
24595
28195
3595
2395
6595
10195
1795
18595
26395
37195
19195
37795
23395
31795
5995
4795
16195
10795
35395
14395
21595
32395
11995
7795
23995
7195
11395
2995
36595
5395
32995
14995
38395
22795
38995
8995
29995
595
9595
30595
17995
20995
28795
31195
15595
13795
20395
13195
27595
22195
33595
34795
34195
16795
25195
4195
29395
25795
8395
17395
12595
1195
26995
Unit 10
595
7795
18595
17995
23995
10795
20395
5995
11395
16195
26395
23395
0
3595
14995
19195
1195
5395
14395
29395
2395
12595
11995
22195
28795
2995
13195
8995
17395
26995
20995
9595
19795
21595
10195
22795
1795
15595
16795
24595
4195
7195
28195
8395
27595
6595
13795
25195
4795
25795
slurmstepd: error: Exceeded step memory limit at some point.
