multiprocessing.pool.RemoteTraceback: 
"""
Traceback (most recent call last):
  File "/home/njw275/miniconda3/envs/birds/lib/python3.6/site-packages/joblib/_parallel_backends.py", line 350, in __call__
    return self.func(*args, **kwargs)
  File "/home/njw275/miniconda3/envs/birds/lib/python3.6/site-packages/joblib/parallel.py", line 131, in __call__
    return [func(*args, **kwargs) for func, args, kwargs in self.items]
  File "/home/njw275/miniconda3/envs/birds/lib/python3.6/site-packages/joblib/parallel.py", line 131, in <listcomp>
    return [func(*args, **kwargs) for func, args, kwargs in self.items]
  File "medianfilt_onsetsAndPeaks.py", line 33, in createOnsetsAndPeaks
    detections = detections.astype(float)
AttributeError: 'str' object has no attribute 'astype'

During handling of the above exception, another exception occurred:

Traceback (most recent call last):
  File "/home/njw275/miniconda3/envs/birds/lib/python3.6/multiprocessing/pool.py", line 119, in worker
    result = (True, func(*args, **kwds))
  File "/home/njw275/miniconda3/envs/birds/lib/python3.6/site-packages/joblib/_parallel_backends.py", line 359, in __call__
    raise TransportableException(text, e_type)
joblib.my_exceptions.TransportableException: TransportableException
___________________________________________________________________________
AttributeError                                     Thu Jul 13 10:34:59 2017
PID: 29265      Python 3.6.1: /home/njw275/miniconda3/envs/birds/bin/python
...........................................................................
/home/njw275/miniconda3/envs/birds/lib/python3.6/site-packages/joblib/parallel.py in __call__(self=<joblib.parallel.BatchedCalls object>)
    126     def __init__(self, iterator_slice):
    127         self.items = list(iterator_slice)
    128         self._size = len(self.items)
    129 
    130     def __call__(self):
--> 131         return [func(*args, **kwargs) for func, args, kwargs in self.items]
        self.items = [(<function createOnsetsAndPeaks>, (1,), {})]
    132 
    133     def __len__(self):
    134         return self._size
    135 

...........................................................................
/home/njw275/miniconda3/envs/birds/lib/python3.6/site-packages/joblib/parallel.py in <listcomp>(.0=<list_iterator object>)
    126     def __init__(self, iterator_slice):
    127         self.items = list(iterator_slice)
    128         self._size = len(self.items)
    129 
    130     def __call__(self):
--> 131         return [func(*args, **kwargs) for func, args, kwargs in self.items]
        func = <function createOnsetsAndPeaks>
        args = (1,)
        kwargs = {}
    132 
    133     def __len__(self):
    134         return self._size
    135 

...........................................................................
/home/njw275/NJW-BirdVox/src/python_files/medianfilt_onsetsAndPeaks.py in createOnsetsAndPeaks(unit=1)
     28         #det.onset(unit, start_time, fmin_input, h_length,feature)
     29         # Peak picks (read from file above, write to a new file)
     30     for start_time in start_times:
     31         #detections = p.get_detections(unit)
     32         detections = "/scratch/njw275/detections/05_medianfilt/unit01/unit01_S_0_E_605_detections.npy"
---> 33         detections = detections.astype(float)
        detections = '/scratch/njw275/detections/05_medianfilt/unit01/unit01_S_0_E_605_detections.npy'
        detections.astype = undefined
     34         filt_detections = sci.medfilt(detections, kernel_size=5)
     35         filt_detections = np.array(filt_detections)
     36         saveFile = get_filtered_detections(unit)
     37         np.save(saveFile, filt_detections)

AttributeError: 'str' object has no attribute 'astype'
___________________________________________________________________________
"""

The above exception was the direct cause of the following exception:

Traceback (most recent call last):
  File "/home/njw275/miniconda3/envs/birds/lib/python3.6/site-packages/joblib/parallel.py", line 699, in retrieve
    self._output.extend(job.get(timeout=self.timeout))
  File "/home/njw275/miniconda3/envs/birds/lib/python3.6/multiprocessing/pool.py", line 608, in get
    raise self._value
joblib.my_exceptions.TransportableException: TransportableException
___________________________________________________________________________
AttributeError                                     Thu Jul 13 10:34:59 2017
PID: 29265      Python 3.6.1: /home/njw275/miniconda3/envs/birds/bin/python
...........................................................................
/home/njw275/miniconda3/envs/birds/lib/python3.6/site-packages/joblib/parallel.py in __call__(self=<joblib.parallel.BatchedCalls object>)
    126     def __init__(self, iterator_slice):
    127         self.items = list(iterator_slice)
    128         self._size = len(self.items)
    129 
    130     def __call__(self):
--> 131         return [func(*args, **kwargs) for func, args, kwargs in self.items]
        self.items = [(<function createOnsetsAndPeaks>, (1,), {})]
    132 
    133     def __len__(self):
    134         return self._size
    135 

...........................................................................
/home/njw275/miniconda3/envs/birds/lib/python3.6/site-packages/joblib/parallel.py in <listcomp>(.0=<list_iterator object>)
    126     def __init__(self, iterator_slice):
    127         self.items = list(iterator_slice)
    128         self._size = len(self.items)
    129 
    130     def __call__(self):
--> 131         return [func(*args, **kwargs) for func, args, kwargs in self.items]
        func = <function createOnsetsAndPeaks>
        args = (1,)
        kwargs = {}
    132 
    133     def __len__(self):
    134         return self._size
    135 

...........................................................................
/home/njw275/NJW-BirdVox/src/python_files/medianfilt_onsetsAndPeaks.py in createOnsetsAndPeaks(unit=1)
     28         #det.onset(unit, start_time, fmin_input, h_length,feature)
     29         # Peak picks (read from file above, write to a new file)
     30     for start_time in start_times:
     31         #detections = p.get_detections(unit)
     32         detections = "/scratch/njw275/detections/05_medianfilt/unit01/unit01_S_0_E_605_detections.npy"
---> 33         detections = detections.astype(float)
        detections = '/scratch/njw275/detections/05_medianfilt/unit01/unit01_S_0_E_605_detections.npy'
        detections.astype = undefined
     34         filt_detections = sci.medfilt(detections, kernel_size=5)
     35         filt_detections = np.array(filt_detections)
     36         saveFile = get_filtered_detections(unit)
     37         np.save(saveFile, filt_detections)

AttributeError: 'str' object has no attribute 'astype'
___________________________________________________________________________

During handling of the above exception, another exception occurred:

Traceback (most recent call last):
  File "medianfilt_onsetsAndPeaks.py", line 40, in <module>
    Parallel(n_jobs=-1)(delayed(createOnsetsAndPeaks)(unit) for unit in units)
  File "/home/njw275/miniconda3/envs/birds/lib/python3.6/site-packages/joblib/parallel.py", line 789, in __call__
    self.retrieve()
  File "/home/njw275/miniconda3/envs/birds/lib/python3.6/site-packages/joblib/parallel.py", line 740, in retrieve
    raise exception
joblib.my_exceptions.JoblibAttributeError: JoblibAttributeError
___________________________________________________________________________
Multiprocessing exception:
...........................................................................
/home/njw275/NJW-BirdVox/src/python_files/medianfilt_onsetsAndPeaks.py in <module>()
     35         filt_detections = np.array(filt_detections)
     36         saveFile = get_filtered_detections(unit)
     37         np.save(saveFile, filt_detections)
     38         #det.peak_picking(unit, start_time, h_duration)
     39 
---> 40 Parallel(n_jobs=-1)(delayed(createOnsetsAndPeaks)(unit) for unit in units)

...........................................................................
/home/njw275/miniconda3/envs/birds/lib/python3.6/site-packages/joblib/parallel.py in __call__(self=Parallel(n_jobs=-1), iterable=<generator object <genexpr>>)
    784             if pre_dispatch == "all" or n_jobs == 1:
    785                 # The iterable was consumed all at once by the above for loop.
    786                 # No need to wait for async callbacks to trigger to
    787                 # consumption.
    788                 self._iterating = False
--> 789             self.retrieve()
        self.retrieve = <bound method Parallel.retrieve of Parallel(n_jobs=-1)>
    790             # Make sure that we get a last message telling us we are done
    791             elapsed_time = time.time() - self._start_time
    792             self._print('Done %3i out of %3i | elapsed: %s finished',
    793                         (len(self._output), len(self._output),

---------------------------------------------------------------------------
Sub-process traceback:
---------------------------------------------------------------------------
AttributeError                                     Thu Jul 13 10:34:59 2017
PID: 29265      Python 3.6.1: /home/njw275/miniconda3/envs/birds/bin/python
...........................................................................
/home/njw275/miniconda3/envs/birds/lib/python3.6/site-packages/joblib/parallel.py in __call__(self=<joblib.parallel.BatchedCalls object>)
    126     def __init__(self, iterator_slice):
    127         self.items = list(iterator_slice)
    128         self._size = len(self.items)
    129 
    130     def __call__(self):
--> 131         return [func(*args, **kwargs) for func, args, kwargs in self.items]
        self.items = [(<function createOnsetsAndPeaks>, (1,), {})]
    132 
    133     def __len__(self):
    134         return self._size
    135 

...........................................................................
/home/njw275/miniconda3/envs/birds/lib/python3.6/site-packages/joblib/parallel.py in <listcomp>(.0=<list_iterator object>)
    126     def __init__(self, iterator_slice):
    127         self.items = list(iterator_slice)
    128         self._size = len(self.items)
    129 
    130     def __call__(self):
--> 131         return [func(*args, **kwargs) for func, args, kwargs in self.items]
        func = <function createOnsetsAndPeaks>
        args = (1,)
        kwargs = {}
    132 
    133     def __len__(self):
    134         return self._size
    135 

...........................................................................
/home/njw275/NJW-BirdVox/src/python_files/medianfilt_onsetsAndPeaks.py in createOnsetsAndPeaks(unit=1)
     28         #det.onset(unit, start_time, fmin_input, h_length,feature)
     29         # Peak picks (read from file above, write to a new file)
     30     for start_time in start_times:
     31         #detections = p.get_detections(unit)
     32         detections = "/scratch/njw275/detections/05_medianfilt/unit01/unit01_S_0_E_605_detections.npy"
---> 33         detections = detections.astype(float)
        detections = '/scratch/njw275/detections/05_medianfilt/unit01/unit01_S_0_E_605_detections.npy'
        detections.astype = undefined
     34         filt_detections = sci.medfilt(detections, kernel_size=5)
     35         filt_detections = np.array(filt_detections)
     36         saveFile = get_filtered_detections(unit)
     37         np.save(saveFile, filt_detections)

AttributeError: 'str' object has no attribute 'astype'
___________________________________________________________________________
