Testing on unit 01
Best F measure for training: 0.00%
Best threshold for training: 0.01
Testing on unit 02
Best F measure for training: 0.02%
Best threshold for training: 0.13
Testing on unit 03
Best F measure for training: 0.02%
Best threshold for training: 0.13
Testing on unit 05
Best F measure for training: 0.02%
Best threshold for training: 0.13
Testing on unit 07
Best F measure for training: 0.02%
Best threshold for training: 0.13
Testing on unit 10
Best F measure for training: 0.02%
Best threshold for training: 0.13

Test F Measures
0.0011627230974943319
0.0
0.0
0.0
0.0
0.0


F test: 0.02% +/- 0.02
