Unit 10
595
7795
18595
17995
23995
10795
20395
5995
11395
16195
26395
23395
0
3595
14995
19195
1195
5395
14395
29395
2395
12595
11995
22195
28795
2995
13195
8995
17395
26995
20995
9595
19795
21595
10195
22795
1795
15595
16795
24595
4195
7195
28195
8395
27595
6595
13795
25195
4795
25795
Unit 02
23395
6595
19795
20395
36595
11995
2395
13195
595
25795
15595
28795
29995
37195
5395
22195
35995
0
17395
4195
11395
23995
14995
2995
31195
32395
29395
4795
16195
33595
8395
13795
32995
26395
9595
21595
12595
37795
10795
14395
30595
26995
25195
27595
35395
38395
7195
22795
1795
10195
19195
18595
31795
24595
5995
16795
20995
17995
34195
3595
8995
34795
38995
28195
7795
1195
Unit 05
3595
34195
11995
34795
26995
31195
1195
30595
20395
4795
35395
16795
11395
24595
6595
23995
5995
13795
38995
35995
14395
4195
36595
27595
2995
25195
13195
20995
12595
29995
26395
7795
22195
0
22795
1795
15595
32995
25795
10795
17395
19195
8395
32395
28795
38395
19795
31795
28195
21595
10195
7195
9595
37195
5395
2395
18595
23395
37795
29395
8995
16195
14995
17995
33595
Unit 01
6595
25195
9595
33595
14995
4795
25795
36595
7795
35395
16195
17395
5995
26995
1195
32995
19195
16795
1795
10795
37795
22795
7195
11395
24595
28795
28195
29995
32395
2395
17995
23995
0
23395
8395
30595
18595
22195
31195
8995
11995
2995
3595
4195
15595
12595
37195
35995
20995
31795
38995
34195
20395
34795
13195
595
5395
13795
14395
27595
38395
26395
29395
10195
19795
21595
Unit 03
6595
33595
28195
12595
8395
36595
7795
20995
37195
8995
38395
10195
29395
28795
9595
7195
1195
22795
24595
13795
32995
18595
5995
3595
16195
23395
35395
26395
29995
37795
15595
20395
11395
11995
35995
5395
595
26995
30595
27595
17995
17395
19795
4195
14995
34195
23995
31795
16795
22195
13195
14395
25195
4795
2395
19195
0
32395
25795
2995
31195
1795
34795
21595
10795
38995
slurmstepd: error: Exceeded step memory limit at some point.
